[2026-04-04T07:44:00.063Z] INFO: ALGORITHM EXECUTED: tg_wcc_card run by automated system/user. 
[2026-04-04T07:44:34.439Z] WARN: ACTIVE DEFENSE ENGAGED: Quarantine requested for Card - 4602925468627288 
[2026-04-04T07:49:30.069Z] INFO: ALGORITHM EXECUTED: tg_wcc_card run by automated system/user. 
[2026-04-04T07:55:00.080Z] INFO: ALGORITHM EXECUTED: tg_wcc_card run by automated system/user. 
[2026-04-04T07:55:30.037Z] INFO: ALGORITHM EXECUTED: tg_wcc_card run by automated system/user. 
[2026-04-04T07:55:42.069Z] INFO: ALGORITHM EXECUTED: tg_wcc_card run by automated system/user. 
[2026-04-04T07:55:44.020Z] INFO: ALGORITHM EXECUTED: tg_wcc_card run by automated system/user. 
[2026-04-04T07:55:46.035Z] INFO: ALGORITHM EXECUTED: tg_wcc_card run by automated system/user. 
[2026-04-04T07:55:48.027Z] INFO: ALGORITHM EXECUTED: tg_wcc_card run by automated system/user. 
[2026-04-04T07:55:50.022Z] INFO: ALGORITHM EXECUTED: tg_wcc_card run by automated system/user. 
[2026-04-04T07:55:52.016Z] INFO: ALGORITHM EXECUTED: tg_wcc_card run by automated system/user. 
[2026-04-04T07:55:54.052Z] INFO: ALGORITHM EXECUTED: tg_wcc_card run by automated system/user. 
[2026-04-04T07:55:56.024Z] INFO: ALGORITHM EXECUTED: tg_wcc_card run by automated system/user. 
[2026-04-04T07:55:58.079Z] INFO: ALGORITHM EXECUTED: tg_wcc_card run by automated system/user. 
[2026-04-04T07:56:00.035Z] INFO: ALGORITHM EXECUTED: tg_wcc_card run by automated system/user. 
[2026-04-04T07:56:02.032Z] INFO: ALGORITHM EXECUTED: tg_wcc_card run by automated system/user. 
[2026-04-04T07:56:04.024Z] INFO: ALGORITHM EXECUTED: tg_wcc_card run by automated system/user. 
[2026-04-04T07:56:59.847Z] INFO: ALGORITHM EXECUTED: tg_wcc_card run by automated system/user. 
[2026-04-04T07:58:00.027Z] INFO: ALGORITHM EXECUTED: tg_wcc_card run by automated system/user. 
[2026-04-04T07:58:46.295Z] INFO: ALGORITHM EXECUTED: tg_wcc_card run by automated system/user. 
[2026-04-04T08:00:00.041Z] INFO: ALGORITHM EXECUTED: tg_wcc_card run by automated system/user. 
[2026-04-04T08:02:00.037Z] INFO: ALGORITHM EXECUTED: tg_wcc_card run by automated system/user. 
[2026-04-04T08:04:00.035Z] INFO: ALGORITHM EXECUTED: tg_wcc_card run by automated system/user. 
[2026-04-04T08:06:00.048Z] INFO: ALGORITHM EXECUTED: tg_wcc_card run by automated system/user. 
[2026-04-04T08:08:00.050Z] INFO: ALGORITHM EXECUTED: tg_wcc_card run by automated system/user. 
[2026-04-04T08:10:00.044Z] INFO: ALGORITHM EXECUTED: tg_wcc_card run by automated system/user. 
[2026-04-04T08:12:00.042Z] INFO: ALGORITHM EXECUTED: tg_wcc_card run by automated system/user. 
[2026-04-04T08:14:00.013Z] INFO: ALGORITHM EXECUTED: tg_wcc_card run by automated system/user. 
[2026-04-04T08:16:00.076Z] INFO: ALGORITHM EXECUTED: tg_wcc_card run by automated system/user. 
[2026-04-04T08:18:00.034Z] INFO: ALGORITHM EXECUTED: tg_wcc_card run by automated system/user. 
[2026-04-04T08:20:00.045Z] INFO: ALGORITHM EXECUTED: tg_wcc_card run by automated system/user. 
[2026-04-04T08:22:00.043Z] INFO: ALGORITHM EXECUTED: tg_wcc_card run by automated system/user. 
[2026-04-04T08:24:00.034Z] INFO: ALGORITHM EXECUTED: tg_wcc_card run by automated system/user. 
[2026-04-04T08:24:23.948Z] INFO: ALGORITHM EXECUTED: tg_wcc_card run by automated system/user. 
[2026-04-05T04:40:00.079Z] INFO: ALGORITHM EXECUTED: tg_wcc_card run by automated system/user. 
[2026-04-05T04:44:00.083Z] INFO: ALGORITHM EXECUTED: tg_wcc_card run by automated system/user. 
[2026-04-05T04:44:51.705Z] INFO: ALGORITHM EXECUTED: tg_wcc_card run by automated system/user. 
[2026-04-05T04:46:00.350Z] INFO: ALGORITHM EXECUTED: tg_wcc_card run by automated system/user. 
[2026-04-05T04:48:00.105Z] INFO: ALGORITHM EXECUTED: tg_wcc_card run by automated system/user. 
[2026-04-05T04:50:00.063Z] INFO: ALGORITHM EXECUTED: tg_wcc_card run by automated system/user. 
[2026-04-05T04:52:00.108Z] INFO: ALGORITHM EXECUTED: tg_wcc_card run by automated system/user. 
[2026-04-05T04:52:03.074Z] WARN: WAR GAMES ENGAGED: Live threat injection started by Admin. 
[2026-04-05T04:53:19.212Z] WARN: WAR GAMES ENGAGED: Live threat injection started by Admin. 
[2026-04-05T04:54:00.039Z] INFO: ALGORITHM EXECUTED: tg_wcc_card run by automated system/user. 
[2026-04-05T04:56:00.035Z] INFO: ALGORITHM EXECUTED: tg_wcc_card run by automated system/user. 
[2026-04-05T04:57:30.654Z] INFO: ALGORITHM EXECUTED: tg_wcc_card run by automated system/user. 
[2026-04-05T04:58:00.034Z] INFO: ALGORITHM EXECUTED: tg_wcc_card run by automated system/user. 
[2026-04-05T05:00:00.028Z] INFO: ALGORITHM EXECUTED: tg_wcc_card run by automated system/user. 
[2026-04-05T05:02:00.040Z] INFO: ALGORITHM EXECUTED: tg_wcc_card run by automated system/user. 
[2026-04-05T05:04:00.040Z] INFO: ALGORITHM EXECUTED: tg_wcc_card run by automated system/user. 
[2026-04-05T05:06:00.040Z] INFO: ALGORITHM EXECUTED: tg_wcc_card run by automated system/user. 
[2026-04-05T05:08:00.062Z] INFO: ALGORITHM EXECUTED: tg_wcc_card run by automated system/user. 
[2026-04-05T05:10:00.038Z] INFO: ALGORITHM EXECUTED: tg_wcc_card run by automated system/user. 
[2026-04-05T05:12:00.090Z] INFO: ALGORITHM EXECUTED: tg_wcc_card run by automated system/user. 
[2026-04-05T05:13:04.760Z] INFO: ALGORITHM EXECUTED: tg_wcc_card run by automated system/user. 
[2026-04-05T05:14:00.101Z] INFO: ALGORITHM EXECUTED: tg_wcc_card run by automated system/user. 
[2026-04-05T05:16:00.036Z] INFO: ALGORITHM EXECUTED: tg_wcc_card run by automated system/user. 
[2026-04-05T05:18:00.040Z] INFO: ALGORITHM EXECUTED: tg_wcc_card run by automated system/user. 
[2026-04-05T05:20:00.032Z] INFO: ALGORITHM EXECUTED: tg_wcc_card run by automated system/user. 
[2026-04-05T05:22:00.026Z] INFO: ALGORITHM EXECUTED: tg_wcc_card run by automated system/user. 
[2026-04-05T05:24:00.091Z] INFO: ALGORITHM EXECUTED: tg_wcc_card run by automated system/user. 
[2026-04-05T05:26:00.028Z] INFO: ALGORITHM EXECUTED: tg_wcc_card run by automated system/user. 
[2026-04-05T05:28:00.062Z] INFO: ALGORITHM EXECUTED: tg_wcc_card run by automated system/user. 
[2026-04-05T05:30:00.035Z] INFO: ALGORITHM EXECUTED: tg_wcc_card run by automated system/user. 
[2026-04-05T05:31:43.296Z] INFO: ALGORITHM EXECUTED: tg_wcc_card run by automated system/user. 
[2026-04-05T05:32:00.039Z] INFO: ALGORITHM EXECUTED: tg_wcc_card run by automated system/user. 
[2026-04-05T05:32:15.872Z] WARN: WAR GAMES ENGAGED: Live threat injection started by Admin. 
[2026-04-05T05:33:32.915Z] INFO: ALGORITHM EXECUTED: tg_wcc_card run by automated system/user. 
[2026-04-05T05:34:00.025Z] INFO: ALGORITHM EXECUTED: tg_wcc_card run by automated system/user. 
[2026-04-05T05:36:00.073Z] INFO: ALGORITHM EXECUTED: tg_wcc_card run by automated system/user. 
[2026-04-05T05:38:00.034Z] INFO: ALGORITHM EXECUTED: tg_wcc_card run by automated system/user. 
[2026-04-05T05:39:04.990Z] INFO: ALGORITHM EXECUTED: tg_wcc_card run by automated system/user. 
[2026-04-05T05:40:00.029Z] INFO: ALGORITHM EXECUTED: tg_wcc_card run by automated system/user. 
[2026-04-05T05:42:00.034Z] INFO: ALGORITHM EXECUTED: tg_wcc_card run by automated system/user. 
[2026-04-05T05:44:00.026Z] INFO: ALGORITHM EXECUTED: tg_wcc_card run by automated system/user. 
[2026-04-05T05:46:00.050Z] INFO: ALGORITHM EXECUTED: tg_wcc_card run by automated system/user. 
[2026-04-05T05:47:44.393Z] INFO: ALGORITHM EXECUTED: tg_wcc_card run by automated system/user. 
[2026-04-05T05:48:00.048Z] INFO: ALGORITHM EXECUTED: tg_wcc_card run by automated system/user. 
[2026-04-05T05:48:06.467Z] WARN: ACTIVE DEFENSE ENGAGED: Quarantine requested for Card - 35622709 
[2026-04-05T05:50:00.021Z] INFO: ALGORITHM EXECUTED: tg_wcc_card run by automated system/user. 
[2026-04-05T05:52:00.024Z] INFO: ALGORITHM EXECUTED: tg_wcc_card run by automated system/user. 
[2026-04-05T05:54:00.032Z] INFO: ALGORITHM EXECUTED: tg_wcc_card run by automated system/user. 
[2026-04-05T05:56:00.023Z] INFO: ALGORITHM EXECUTED: tg_wcc_card run by automated system/user. 
[2026-04-05T05:58:00.039Z] INFO: ALGORITHM EXECUTED: tg_wcc_card run by automated system/user. 
[2026-04-05T06:00:00.021Z] INFO: ALGORITHM EXECUTED: tg_wcc_card run by automated system/user. 
[2026-04-05T06:02:00.026Z] INFO: ALGORITHM EXECUTED: tg_wcc_card run by automated system/user. 
[2026-04-05T06:03:54.774Z] INFO: ALGORITHM EXECUTED: tg_wcc_card run by automated system/user. 
[2026-04-05T06:04:00.044Z] INFO: ALGORITHM EXECUTED: tg_wcc_card run by automated system/user. 
[2026-04-05T06:04:16.365Z] INFO: ALGORITHM EXECUTED: tg_wcc_card run by automated system/user. 
[2026-04-05T06:04:25.972Z] INFO: ALGORITHM EXECUTED: tg_wcc_card run by automated system/user. 
[2026-04-05T06:05:36.403Z] WARN: WAR GAMES ENGAGED: Live threat injection started by Admin. 
[2026-04-05T06:05:39.622Z] INFO: ALGORITHM EXECUTED: tg_wcc_card run by automated system/user. 
[2026-04-05T06:06:00.022Z] INFO: ALGORITHM EXECUTED: tg_wcc_card run by automated system/user. 
[2026-04-05T06:07:41.558Z] INFO: ALGORITHM EXECUTED: tg_wcc_card run by automated system/user. 
[2026-04-05T06:07:47.003Z] INFO: ALGORITHM EXECUTED: tg_wcc_card run by automated system/user. 
[2026-04-05T06:08:00.036Z] INFO: ALGORITHM EXECUTED: tg_wcc_card run by automated system/user. 
[2026-04-05T06:08:11.010Z] WARN: WAR GAMES ENGAGED: Live threat injection started by Admin. 
[2026-04-05T06:08:13.941Z] INFO: ALGORITHM EXECUTED: tg_wcc_card run by automated system/user. 
[2026-04-05T06:10:00.039Z] INFO: ALGORITHM EXECUTED: tg_wcc_card run by automated system/user. 
[2026-04-05T06:11:33.289Z] INFO: ALGORITHM EXECUTED: tg_wcc_card run by automated system/user. 
[2026-04-05T06:11:43.247Z] INFO: ALGORITHM EXECUTED: tg_wcc_card run by automated system/user. 
[2026-04-05T06:12:00.022Z] INFO: ALGORITHM EXECUTED: tg_wcc_card run by automated system/user. 
[2026-04-05T06:13:47.994Z] INFO: ALGORITHM EXECUTED: tg_wcc_card run by automated system/user. 
[2026-04-05T06:13:52.457Z] INFO: ALGORITHM EXECUTED: tg_wcc_card run by automated system/user. 
[2026-04-05T06:14:00.046Z] INFO: ALGORITHM EXECUTED: tg_wcc_card run by automated system/user. 
[2026-04-05T06:14:30.108Z] INFO: ALGORITHM EXECUTED: tg_wcc_card run by automated system/user. 
[2026-04-05T06:16:00.049Z] INFO: ALGORITHM EXECUTED: tg_wcc_card run by automated system/user. 
[2026-04-05T06:16:01.912Z] INFO: ALGORITHM EXECUTED: tg_wcc_card run by automated system/user. 
[2026-04-05T06:18:00.034Z] INFO: ALGORITHM EXECUTED: tg_wcc_card run by automated system/user. 
[2026-04-05T06:19:32.176Z] WARN: ACTIVE DEFENSE ENGAGED: Quarantine requested for Card - 46720703 
[2026-04-05T06:19:42.598Z] WARN: WAR GAMES ENGAGED: Live threat injection started by Admin. 
[2026-04-05T06:19:45.508Z] INFO: ALGORITHM EXECUTED: tg_wcc_card run by automated system/user. 
[2026-04-05T06:20:00.040Z] INFO: ALGORITHM EXECUTED: tg_wcc_card run by automated system/user. 
[2026-04-05T06:20:09.363Z] INFO: ALGORITHM EXECUTED: tg_wcc_card run by automated system/user. 
[2026-04-05T06:22:00.036Z] INFO: ALGORITHM EXECUTED: tg_wcc_card run by automated system/user. 
[2026-04-05T06:24:00.035Z] INFO: ALGORITHM EXECUTED: tg_wcc_card run by automated system/user. 
[2026-04-05T06:25:56.104Z] INFO: ALGORITHM EXECUTED: tg_wcc_card run by automated system/user. 
[2026-04-05T06:26:00.032Z] INFO: ALGORITHM EXECUTED: tg_wcc_card run by automated system/user. 
[2026-04-05T06:28:00.030Z] INFO: ALGORITHM EXECUTED: tg_wcc_card run by automated system/user. 
[2026-04-05T06:30:00.047Z] INFO: ALGORITHM EXECUTED: tg_wcc_card run by automated system/user. 
[2026-04-05T06:32:00.024Z] INFO: ALGORITHM EXECUTED: tg_wcc_card run by automated system/user. 
[2026-04-05T06:32:59.927Z] WARN: WAR GAMES ENGAGED: Live threat injection started by Admin. 
[2026-04-05T06:33:02.896Z] INFO: ALGORITHM EXECUTED: tg_wcc_card run by automated system/user. 
[2026-04-05T06:33:23.130Z] INFO: ALGORITHM EXECUTED: tg_wcc_card run by automated system/user. 
[2026-04-05T06:33:45.864Z] INFO: ALGORITHM EXECUTED: tg_wcc_card run by automated system/user. 
[2026-04-05T06:34:00.061Z] INFO: ALGORITHM EXECUTED: tg_wcc_card run by automated system/user. 
[2026-04-05T06:34:06.549Z] WARN: ACTIVE DEFENSE ENGAGED: Quarantine requested for Card - 46027288 
[2026-04-05T06:36:00.029Z] INFO: ALGORITHM EXECUTED: tg_wcc_card run by automated system/user. 
[2026-04-05T06:38:00.029Z] INFO: ALGORITHM EXECUTED: tg_wcc_card run by automated system/user. 
[2026-04-05T06:40:00.028Z] INFO: ALGORITHM EXECUTED: tg_wcc_card run by automated system/user. 
[2026-04-05T06:40:33.307Z] INFO: ALGORITHM EXECUTED: tg_wcc_card run by automated system/user. 
[2026-04-05T06:40:51.265Z] WARN: ACTIVE DEFENSE ENGAGED: Quarantine requested for Card - 46809745 
[2026-04-05T06:42:00.023Z] INFO: ALGORITHM EXECUTED: tg_wcc_card run by automated system/user. 
[2026-04-05T06:44:00.037Z] INFO: ALGORITHM EXECUTED: tg_wcc_card run by automated system/user. 
[2026-04-05T06:46:00.018Z] INFO: ALGORITHM EXECUTED: tg_wcc_card run by automated system/user. 
[2026-04-05T06:48:00.020Z] INFO: ALGORITHM EXECUTED: tg_wcc_card run by automated system/user. 
[2026-04-05T06:50:00.031Z] INFO: ALGORITHM EXECUTED: tg_wcc_card run by automated system/user. 
[2026-04-05T06:52:00.025Z] INFO: ALGORITHM EXECUTED: tg_wcc_card run by automated system/user. 
[2026-04-05T06:54:00.023Z] INFO: ALGORITHM EXECUTED: tg_wcc_card run by automated system/user. 
[2026-04-05T06:55:44.557Z] INFO: ALGORITHM EXECUTED: tg_wcc_card run by automated system/user. 
[2026-04-05T06:56:00.050Z] INFO: ALGORITHM EXECUTED: tg_wcc_card run by automated system/user. 
[2026-04-05T06:58:00.029Z] INFO: ALGORITHM EXECUTED: tg_wcc_card run by automated system/user. 
[2026-04-05T07:00:00.025Z] INFO: ALGORITHM EXECUTED: tg_wcc_card run by automated system/user. 
[2026-04-05T07:06:00.044Z] INFO: ALGORITHM EXECUTED: tg_wcc_card run by automated system/user. 
[2026-04-05T07:28:00.019Z] INFO: ALGORITHM EXECUTED: tg_wcc_card run by automated system/user. 
[2026-04-05T07:34:00.032Z] INFO: ALGORITHM EXECUTED: tg_wcc_card run by automated system/user. 
[2026-04-05T07:40:00.025Z] INFO: ALGORITHM EXECUTED: tg_wcc_card run by automated system/user. 
[2026-04-05T07:46:00.024Z] INFO: ALGORITHM EXECUTED: tg_wcc_card run by automated system/user. 
[2026-04-05T07:48:00.036Z] INFO: ALGORITHM EXECUTED: tg_wcc_card run by automated system/user. 
[2026-04-05T07:49:07.445Z] INFO: ALGORITHM EXECUTED: tg_wcc_card run by automated system/user. 
[2026-04-05T07:50:00.038Z] INFO: ALGORITHM EXECUTED: tg_wcc_card run by automated system/user. 
[2026-04-05T07:52:00.054Z] INFO: ALGORITHM EXECUTED: tg_wcc_card run by automated system/user. 
[2026-04-05T07:52:16.757Z] INFO: ALGORITHM EXECUTED: tg_wcc_card run by automated system/user. 
[2026-04-05T07:54:00.065Z] INFO: ALGORITHM EXECUTED: tg_wcc_card run by automated system/user. 
[2026-04-05T07:56:00.044Z] INFO: ALGORITHM EXECUTED: tg_wcc_card run by automated system/user. 
[2026-04-05T07:58:00.046Z] INFO: ALGORITHM EXECUTED: tg_wcc_card run by automated system/user. 
[2026-04-05T08:00:00.045Z] INFO: ALGORITHM EXECUTED: tg_wcc_card run by automated system/user. 
[2026-04-05T08:02:00.040Z] INFO: ALGORITHM EXECUTED: tg_wcc_card run by automated system/user. 
[2026-04-05T08:04:00.043Z] INFO: ALGORITHM EXECUTED: tg_wcc_card run by automated system/user. 
[2026-04-05T08:06:00.043Z] INFO: ALGORITHM EXECUTED: tg_wcc_card run by automated system/user. 
[2026-04-05T08:07:21.497Z] INFO: ALGORITHM EXECUTED: tg_wcc_card run by automated system/user. 
[2026-04-05T08:08:00.029Z] INFO: ALGORITHM EXECUTED: tg_wcc_card run by automated system/user. 
[2026-04-05T08:10:00.031Z] INFO: ALGORITHM EXECUTED: tg_wcc_card run by automated system/user. 
[2026-04-05T08:10:06.117Z] INFO: ALGORITHM EXECUTED: tg_wcc_card run by automated system/user. 
[2026-04-05T08:10:07.687Z] INFO: ALGORITHM EXECUTED: tg_wcc_card run by automated system/user. 
[2026-04-05T08:10:08.452Z] INFO: ALGORITHM EXECUTED: tg_wcc_card run by automated system/user. 
[2026-04-05T08:12:00.044Z] INFO: ALGORITHM EXECUTED: tg_wcc_card run by automated system/user. 
[2026-04-05T08:14:00.057Z] INFO: ALGORITHM EXECUTED: tg_wcc_card run by automated system/user. 
[2026-04-05T08:16:00.067Z] INFO: ALGORITHM EXECUTED: tg_wcc_card run by automated system/user. 
[2026-04-05T08:22:00.045Z] INFO: ALGORITHM EXECUTED: tg_wcc_card run by automated system/user. 
[2026-04-05T08:26:33.803Z] WARN: ACTIVE DEFENSE ENGAGED: Quarantine requested for Card - 37575338 
[2026-04-05T08:27:18.478Z] WARN: WAR GAMES ENGAGED: Live threat injection started by Admin. 
[2026-04-05T08:27:22.560Z] INFO: ALGORITHM EXECUTED: tg_wcc_card run by automated system/user. 
[2026-04-05T09:04:00.036Z] INFO: ALGORITHM EXECUTED: tg_wcc_card run by automated system/user. 
[2026-04-05T09:10:00.033Z] INFO: ALGORITHM EXECUTED: tg_wcc_card run by automated system/user. 
[2026-04-05T09:16:00.051Z] INFO: ALGORITHM EXECUTED: tg_wcc_card run by automated system/user. 
[2026-04-05T09:16:18.775Z] WARN: ACTIVE DEFENSE ENGAGED: Quarantine requested for Card - 47865769 
[2026-04-05T09:18:38.706Z] WARN: WAR GAMES ENGAGED: Live threat injection started by Admin. 
[2026-04-05T09:22:00.030Z] INFO: ALGORITHM EXECUTED: tg_wcc_card run by automated system/user. 
[2026-04-05T09:27:52.185Z] INFO: ALGORITHM EXECUTED: tg_wcc_card run by automated system/user. 
[2026-04-05T09:34:00.040Z] INFO: ALGORITHM EXECUTED: tg_wcc_card run by automated system/user. 
[2026-04-05T09:40:00.056Z] INFO: ALGORITHM EXECUTED: tg_wcc_card run by automated system/user. 
[2026-04-05T09:42:00.041Z] INFO: ALGORITHM EXECUTED: tg_wcc_card run by automated system/user. 
[2026-04-05T09:46:00.101Z] INFO: ALGORITHM EXECUTED: tg_wcc_card run by automated system/user. 
[2026-04-05T09:46:42.512Z] WARN: WAR GAMES ENGAGED: Live threat injection started by Admin. 
[2026-04-05T09:48:00.067Z] INFO: ALGORITHM EXECUTED: tg_wcc_card run by automated system/user. 
[2026-04-05T09:50:00.057Z] INFO: ALGORITHM EXECUTED: tg_wcc_card run by automated system/user. 
[2026-04-05T09:50:02.154Z] INFO: ALGORITHM EXECUTED: tg_wcc_card run by automated system/user. 
[2026-04-05T09:52:00.036Z] INFO: ALGORITHM EXECUTED: tg_wcc_card run by automated system/user. 
[2026-04-05T09:54:00.041Z] INFO: ALGORITHM EXECUTED: tg_wcc_card run by automated system/user. 
[2026-04-05T09:56:00.035Z] INFO: ALGORITHM EXECUTED: tg_wcc_card run by automated system/user. 
[2026-04-05T09:58:00.018Z] INFO: ALGORITHM EXECUTED: tg_wcc_card run by automated system/user. 
[2026-04-05T10:00:00.025Z] INFO: ALGORITHM EXECUTED: tg_wcc_card run by automated system/user. 
[2026-04-05T10:02:00.041Z] INFO: ALGORITHM EXECUTED: tg_wcc_card run by automated system/user. 
[2026-04-05T10:04:00.033Z] INFO: ALGORITHM EXECUTED: tg_wcc_card run by automated system/user. 
[2026-04-05T10:06:00.018Z] INFO: ALGORITHM EXECUTED: tg_wcc_card run by automated system/user. 
[2026-04-05T10:08:00.046Z] INFO: ALGORITHM EXECUTED: tg_wcc_card run by automated system/user. 
[2026-04-05T10:10:00.027Z] INFO: ALGORITHM EXECUTED: tg_wcc_card run by automated system/user. 
[2026-04-05T10:12:00.046Z] INFO: ALGORITHM EXECUTED: tg_wcc_card run by automated system/user. 
[2026-04-05T10:14:00.035Z] INFO: ALGORITHM EXECUTED: tg_wcc_card run by automated system/user. 
[2026-04-05T17:24:44.518Z] INFO: ALGORITHM EXECUTED: tg_wcc_card run by automated system/user. 
[2026-04-05T17:26:00.052Z] INFO: ALGORITHM EXECUTED: tg_wcc_card run by automated system/user. 
[2026-04-05T17:28:00.062Z] INFO: ALGORITHM EXECUTED: tg_wcc_card run by automated system/user. 
[2026-04-05T17:28:31.065Z] INFO: ALGORITHM EXECUTED: tg_wcc_card run by automated system/user. 
[2026-04-05T17:30:00.044Z] INFO: ALGORITHM EXECUTED: tg_wcc_card run by automated system/user. 
[2026-04-05T17:31:24.113Z] INFO: ALGORITHM EXECUTED: tg_wcc_card run by automated system/user. 
[2026-04-05T17:32:00.045Z] INFO: ALGORITHM EXECUTED: tg_wcc_card run by automated system/user. 
[2026-04-05T17:34:00.048Z] INFO: ALGORITHM EXECUTED: tg_wcc_card run by automated system/user. 
[2026-04-05T17:36:00.093Z] INFO: ALGORITHM EXECUTED: tg_wcc_card run by automated system/user. 
[2026-04-05T17:37:01.746Z] INFO: ALGORITHM EXECUTED: tg_wcc_account_with_weights run by automated system/user. 
[2026-04-05T17:38:00.062Z] INFO: ALGORITHM EXECUTED: tg_wcc_card run by automated system/user. 
[2026-04-05T17:38:14.632Z] INFO: ALGORITHM EXECUTED: tg_wcc_account_with_weights run by automated system/user. 
[2026-04-05T17:40:00.036Z] INFO: ALGORITHM EXECUTED: tg_wcc_card run by automated system/user. 
[2026-04-05T17:42:00.061Z] INFO: ALGORITHM EXECUTED: tg_wcc_card run by automated system/user. 
[2026-04-05T17:44:00.088Z] INFO: ALGORITHM EXECUTED: tg_wcc_card run by automated system/user. 
[2026-04-05T17:46:00.031Z] INFO: ALGORITHM EXECUTED: tg_wcc_card run by automated system/user. 
[2026-04-05T17:46:41.736Z] INFO: ALGORITHM EXECUTED: tg_wcc_account_with_weights run by automated system/user. 
[2026-04-05T17:48:00.048Z] INFO: ALGORITHM EXECUTED: tg_wcc_card run by automated system/user. 
[2026-04-05T17:50:00.033Z] INFO: ALGORITHM EXECUTED: tg_wcc_card run by automated system/user. 
[2026-04-05T17:50:56.207Z] INFO: ALGORITHM EXECUTED: tg_wcc_account_with_weights run by automated system/user. 
[2026-04-05T17:52:00.098Z] WARN: WAR GAMES ENGAGED: Live threat injection started by Admin. 
[2026-04-05T17:56:00.117Z] INFO: ALGORITHM EXECUTED: tg_wcc_account_with_weights run by automated system/user. 
[2026-04-05T17:58:00.056Z] INFO: ALGORITHM EXECUTED: tg_wcc_account_with_weights run by automated system/user. 
[2026-04-05T17:58:50.502Z] WARN: WAR GAMES ENGAGED: Live threat injection started by Admin. 
[2026-04-05T17:58:59.848Z] WARN: WAR GAMES ENGAGED: Live threat injection started by Admin. 
[2026-04-05T17:59:03.680Z] WARN: WAR GAMES ENGAGED: Live threat injection started by Admin. 
[2026-04-05T18:00:18.748Z] WARN: WAR GAMES ENGAGED: Live threat injection started by Admin. 
[2026-04-05T18:04:00.040Z] INFO: ALGORITHM EXECUTED: tg_wcc_account_with_weights run by automated system/user. 
[2026-04-05T18:10:00.046Z] INFO: ALGORITHM EXECUTED: tg_wcc_account_with_weights run by automated system/user. 
[2026-04-05T18:12:00.034Z] INFO: ALGORITHM EXECUTED: tg_wcc_account_with_weights run by automated system/user. 
[2026-04-05T18:14:00.041Z] INFO: ALGORITHM EXECUTED: tg_wcc_account_with_weights run by automated system/user. 
[2026-04-05T18:16:00.041Z] INFO: ALGORITHM EXECUTED: tg_wcc_account_with_weights run by automated system/user. 
[2026-04-05T18:17:14.592Z] WARN: WAR GAMES ENGAGED: Live threat injection started by Admin. 
[2026-04-05T18:17:17.772Z] INFO: ALGORITHM EXECUTED: tg_wcc_account_with_weights run by automated system/user. 
[2026-04-05T18:18:00.027Z] INFO: ALGORITHM EXECUTED: tg_wcc_account_with_weights run by automated system/user. 
[2026-04-05T18:20:00.034Z] INFO: ALGORITHM EXECUTED: tg_wcc_account_with_weights run by automated system/user. 
[2026-04-05T18:22:00.046Z] INFO: ALGORITHM EXECUTED: tg_wcc_account_with_weights run by automated system/user. 
[2026-04-05T18:24:00.022Z] INFO: ALGORITHM EXECUTED: tg_wcc_account_with_weights run by automated system/user. 
[2026-04-05T18:26:00.041Z] INFO: ALGORITHM EXECUTED: tg_wcc_account_with_weights run by automated system/user. 
[2026-04-05T18:28:00.036Z] INFO: ALGORITHM EXECUTED: tg_wcc_account_with_weights run by automated system/user. 
[2026-04-05T18:30:00.099Z] INFO: ALGORITHM EXECUTED: tg_wcc_account_with_weights run by automated system/user. 
[2026-04-05T18:32:00.058Z] INFO: ALGORITHM EXECUTED: tg_wcc_account_with_weights run by automated system/user. 
[2026-04-05T18:32:33.100Z] INFO: ALGORITHM EXECUTED: tg_wcc_account_with_weights run by automated system/user. 
[2026-04-05T18:34:00.027Z] INFO: ALGORITHM EXECUTED: tg_wcc_account_with_weights run by automated system/user. 
[2026-04-05T18:35:33.225Z] INFO: ALGORITHM EXECUTED: tg_wcc_account_with_weights run by automated system/user. 
[2026-04-05T18:36:00.030Z] INFO: ALGORITHM EXECUTED: tg_wcc_account_with_weights run by automated system/user. 
[2026-04-05T18:38:00.047Z] INFO: ALGORITHM EXECUTED: tg_wcc_account_with_weights run by automated system/user. 
[2026-04-05T18:40:00.027Z] INFO: ALGORITHM EXECUTED: tg_wcc_account_with_weights run by automated system/user. 
[2026-04-05T18:42:00.025Z] INFO: ALGORITHM EXECUTED: tg_wcc_account_with_weights run by automated system/user. 
[2026-04-05T18:44:00.032Z] INFO: ALGORITHM EXECUTED: tg_wcc_account_with_weights run by automated system/user. 
[2026-04-05T18:46:00.025Z] INFO: ALGORITHM EXECUTED: tg_wcc_account_with_weights run by automated system/user. 
[2026-04-05T18:48:00.036Z] INFO: ALGORITHM EXECUTED: tg_wcc_account_with_weights run by automated system/user. 
[2026-04-05T18:50:00.024Z] INFO: ALGORITHM EXECUTED: tg_wcc_account_with_weights run by automated system/user. 
[2026-04-05T18:52:00.032Z] INFO: ALGORITHM EXECUTED: tg_wcc_account_with_weights run by automated system/user. 
[2026-04-05T18:54:00.029Z] INFO: ALGORITHM EXECUTED: tg_wcc_account_with_weights run by automated system/user. 
[2026-04-05T18:56:00.030Z] INFO: ALGORITHM EXECUTED: tg_wcc_account_with_weights run by automated system/user. 
[2026-04-05T18:56:06.503Z] INFO: ALGORITHM EXECUTED: tg_wcc_account_with_weights run by automated system/user. 
[2026-04-05T18:56:39.605Z] WARN: WAR GAMES ENGAGED: Live threat injection started by Admin. 
[2026-04-05T18:56:42.591Z] INFO: ALGORITHM EXECUTED: tg_wcc_account_with_weights run by automated system/user. 
[2026-04-05T18:58:00.033Z] INFO: ALGORITHM EXECUTED: tg_wcc_account_with_weights run by automated system/user. 
[2026-04-05T19:00:00.033Z] INFO: ALGORITHM EXECUTED: tg_wcc_account_with_weights run by automated system/user. 
[2026-04-05T19:02:00.026Z] INFO: ALGORITHM EXECUTED: tg_wcc_account_with_weights run by automated system/user. 
[2026-04-05T19:04:00.056Z] INFO: ALGORITHM EXECUTED: tg_wcc_account_with_weights run by automated system/user. 
[2026-04-05T19:06:00.034Z] INFO: ALGORITHM EXECUTED: tg_wcc_account_with_weights run by automated system/user. 
[2026-04-05T19:08:00.031Z] INFO: ALGORITHM EXECUTED: tg_wcc_account_with_weights run by automated system/user. 
[2026-04-05T19:08:32.044Z] INFO: ALGORITHM EXECUTED: tg_wcc_account_with_weights run by automated system/user. 
[2026-04-05T19:10:00.038Z] INFO: ALGORITHM EXECUTED: tg_wcc_account_with_weights run by automated system/user. 
[2026-04-05T19:11:00.116Z] WARN: WAR GAMES ENGAGED: Live threat injection started by Admin. 
[2026-04-05T19:11:04.079Z] INFO: ALGORITHM EXECUTED: tg_wcc_account_with_weights run by automated system/user. 
[2026-04-05T19:11:21.987Z] WARN: WAR GAMES ENGAGED: Live threat injection started by Admin. 
[2026-04-05T19:11:26.154Z] INFO: ALGORITHM EXECUTED: tg_wcc_account_with_weights run by automated system/user. 
[2026-04-05T19:12:00.042Z] INFO: ALGORITHM EXECUTED: tg_wcc_account_with_weights run by automated system/user. 
[2026-04-05T19:14:00.038Z] INFO: ALGORITHM EXECUTED: tg_wcc_account_with_weights run by automated system/user. 
[2026-04-05T19:16:00.043Z] INFO: ALGORITHM EXECUTED: tg_wcc_account_with_weights run by automated system/user. 
[2026-04-05T19:18:56.990Z] INFO: ALGORITHM EXECUTED: tg_wcc_account_with_weights run by automated system/user. 
[2026-04-05T19:19:37.747Z] WARN: ACTIVE DEFENSE ENGAGED: Quarantine requested for Account - 1786919931 
[2026-04-05T19:20:00.040Z] INFO: ALGORITHM EXECUTED: tg_wcc_account_with_weights run by automated system/user. 
[2026-04-05T19:22:00.057Z] INFO: ALGORITHM EXECUTED: tg_wcc_account_with_weights run by automated system/user. 
[2026-04-05T19:24:00.054Z] INFO: ALGORITHM EXECUTED: tg_wcc_account_with_weights run by automated system/user. 
[2026-04-05T19:24:54.091Z] INFO: ALGORITHM EXECUTED: tg_wcc_account_with_weights run by automated system/user. 
[2026-04-05T19:26:00.043Z] INFO: ALGORITHM EXECUTED: tg_wcc_account_with_weights run by automated system/user. 
[2026-04-05T19:28:00.113Z] INFO: ALGORITHM EXECUTED: tg_wcc_account_with_weights run by automated system/user. 
[2026-04-05T19:28:47.676Z] INFO: ALGORITHM EXECUTED: tg_wcc_account_with_weights run by automated system/user. 
[2026-04-05T19:30:00.138Z] INFO: ALGORITHM EXECUTED: tg_wcc_account_with_weights run by automated system/user. 
[2026-04-05T19:31:04.893Z] INFO: ALGORITHM EXECUTED: tg_wcc_account_with_weights run by automated system/user. 
[2026-04-05T19:32:00.026Z] INFO: ALGORITHM EXECUTED: tg_wcc_account_with_weights run by automated system/user. 
[2026-04-05T19:33:22.406Z] INFO: ALGORITHM EXECUTED: tg_wcc_account_with_weights run by automated system/user. 
[2026-04-05T19:34:00.050Z] INFO: ALGORITHM EXECUTED: tg_wcc_account_with_weights run by automated system/user. 
[2026-04-05T19:36:00.050Z] INFO: ALGORITHM EXECUTED: tg_wcc_account_with_weights run by automated system/user. 
[2026-04-05T19:38:00.022Z] INFO: ALGORITHM EXECUTED: tg_wcc_account_with_weights run by automated system/user. 
[2026-04-05T19:40:00.032Z] INFO: ALGORITHM EXECUTED: tg_wcc_account_with_weights run by automated system/user. 
[2026-04-05T19:42:01.407Z] INFO: ALGORITHM EXECUTED: tg_wcc_account_with_weights run by automated system/user. 
[2026-04-05T19:44:00.035Z] INFO: ALGORITHM EXECUTED: tg_wcc_account_with_weights run by automated system/user. 
[2026-04-05T19:45:08.478Z] WARN: ACTIVE DEFENSE ENGAGED: Quarantine requested for Account - 2042661732 
[2026-04-05T19:46:00.035Z] INFO: ALGORITHM EXECUTED: tg_wcc_account_with_weights run by automated system/user. 
[2026-04-05T19:48:00.052Z] INFO: ALGORITHM EXECUTED: tg_wcc_account_with_weights run by automated system/user. 
[2026-04-05T19:48:25.107Z] WARN: ACTIVE DEFENSE ENGAGED: Quarantine requested for Account - 7633290803 
[2026-04-05T19:50:00.039Z] INFO: ALGORITHM EXECUTED: tg_wcc_account_with_weights run by automated system/user. 
[2026-04-05T19:52:00.037Z] INFO: ALGORITHM EXECUTED: tg_wcc_account_with_weights run by automated system/user. 
[2026-04-05T19:54:00.050Z] INFO: ALGORITHM EXECUTED: tg_wcc_account_with_weights run by automated system/user. 
[2026-04-05T19:56:00.029Z] INFO: ALGORITHM EXECUTED: tg_wcc_account_with_weights run by automated system/user. 
[2026-04-05T19:58:00.038Z] INFO: ALGORITHM EXECUTED: tg_wcc_account_with_weights run by automated system/user. 
[2026-04-05T20:00:00.040Z] INFO: ALGORITHM EXECUTED: tg_wcc_account_with_weights run by automated system/user. 
[2026-04-05T20:02:00.042Z] INFO: ALGORITHM EXECUTED: tg_wcc_account_with_weights run by automated system/user. 
[2026-04-05T20:04:00.138Z] INFO: ALGORITHM EXECUTED: tg_wcc_account_with_weights run by automated system/user. 
[2026-04-05T20:06:00.025Z] INFO: ALGORITHM EXECUTED: tg_wcc_account_with_weights run by automated system/user. 
[2026-04-05T20:07:32.399Z] INFO: ALGORITHM EXECUTED: tg_wcc_account_with_weights run by automated system/user. 
[2026-04-05T20:08:00.077Z] INFO: ALGORITHM EXECUTED: tg_wcc_account_with_weights run by automated system/user. 
[2026-04-05T20:10:00.039Z] INFO: ALGORITHM EXECUTED: tg_wcc_account_with_weights run by automated system/user. 
[2026-04-05T20:11:31.540Z] INFO: ALGORITHM EXECUTED: tg_wcc_account_with_weights run by automated system/user. 
[2026-04-05T20:11:44.962Z] INFO: ALGORITHM EXECUTED: tg_wcc_account_with_weights run by automated system/user. 
[2026-04-05T20:12:00.716Z] INFO: ALGORITHM EXECUTED: tg_wcc_account_with_weights run by automated system/user. 
[2026-04-05T20:14:00.062Z] INFO: ALGORITHM EXECUTED: tg_wcc_account_with_weights run by automated system/user. 
[2026-04-05T20:15:09.523Z] INFO: ALGORITHM EXECUTED: tg_wcc_account_with_weights run by automated system/user. 
[2026-04-05T20:16:00.030Z] INFO: ALGORITHM EXECUTED: tg_wcc_account_with_weights run by automated system/user. 
[2026-04-05T20:18:00.040Z] INFO: ALGORITHM EXECUTED: tg_wcc_account_with_weights run by automated system/user. 
[2026-04-05T20:20:00.038Z] INFO: ALGORITHM EXECUTED: tg_wcc_account_with_weights run by automated system/user. 
[2026-04-05T20:22:00.039Z] INFO: ALGORITHM EXECUTED: tg_wcc_account_with_weights run by automated system/user. 
[2026-04-05T20:24:00.058Z] INFO: ALGORITHM EXECUTED: tg_wcc_account_with_weights run by automated system/user. 
[2026-04-05T20:26:00.117Z] INFO: ALGORITHM EXECUTED: tg_wcc_account_with_weights run by automated system/user. 
[2026-04-05T20:28:00.096Z] INFO: ALGORITHM EXECUTED: tg_wcc_account_with_weights run by automated system/user. 
[2026-04-05T20:30:00.082Z] INFO: ALGORITHM EXECUTED: tg_wcc_account_with_weights run by automated system/user. 
